left4dead2\host.txt
left4dead2\host1.txt
left4dead2\host2.txt
left4dead2\host3.txt
left4dead2\host4.txt
left4dead2\host5.txt
left4dead2\host6.txt
left4dead2\host7.txt
left4dead2\motd.txt
left4dead2\motd1.txt
left4dead2\motd2.txt
left4dead2\motd3.txt
left4dead2\motd4.txt
left4dead2\motd5.txt
left4dead2\motd6.txt
left4dead2\motd7.txt
left4dead2\motd8.txt
NEWFLDR|motd+host\
motd+host\host - 副本.psd
motd+host\host.psd
motd+host\host2.psd
motd+host\l4d2_1.jpg
motd+host\l4d2_2_别射我了.jpg
motd+host\l4d2_4.jpg
motd+host\l4d2_host_1.jpg
motd+host\l4d2_host_2.jpg
motd+host\l4d2_host_3.jpg
motd+host\l4d2_host_4.jpg
motd+host\l4d2_host_5.jpg
motd+host\l4d2_host_6.jpg
motd+host\l4d2_host_7.jpg
motd+host\l4d2_motd_1.jpg
motd+host\l4d2_motd_2.jpg
motd+host\l4d2_motd_3.jpg
motd+host\l4d2_motd_4.jpg
motd+host\l4d2_motd_5.jpg
motd+host\l4d2_motd_6.jpg
motd+host\l4d2_motd_7.jpg
motd+host\l4d2_motd_8.jpg
motd+host\Left 4 Dead.jpg
motd+host\motd.html
motd+host\motd.psd
motd+host\motd_test.jpg
